TN:
SF:src\app.ts
FN:10,(anonymous_1)
FN:11,(anonymous_2)
FNF:2
FNH:1
FNDA:0,(anonymous_1)
FNDA:2,(anonymous_2)
DA:1,2
DA:2,2
DA:3,2
DA:4,2
DA:5,2
DA:7,2
DA:9,2
DA:10,2
DA:11,2
DA:13,2
DA:14,2
DA:15,2
DA:20,2
DA:22,2
DA:24,2
LF:15
LH:15
BRF:0
BRH:0
end_of_record
TN:
SF:src\config\connection.ts
FNF:0
FNH:0
DA:1,2
DA:4,2
DA:7,2
DA:10,2
LF:4
LH:4
BRDA:4,0,0,2
BRDA:4,0,1,2
BRF:2
BRH:2
end_of_record
TN:
SF:src\controllers\index.ts
FNF:0
FNH:0
DA:1,2
DA:2,2
DA:4,2
DA:5,2
DA:7,2
DA:8,2
DA:10,2
LF:7
LH:7
BRF:0
BRH:0
end_of_record
TN:
SF:src\controllers\api\index.ts
FNF:0
FNH:0
DA:1,2
DA:2,2
DA:4,2
DA:6,2
DA:8,2
LF:5
LH:5
BRF:0
BRH:0
end_of_record
TN:
SF:src\controllers\api\nationalParks.ts
FN:6,(anonymous_8)
FN:6,(anonymous_9)
FN:33,(anonymous_10)
FN:33,(anonymous_11)
FN:46,(anonymous_12)
FN:46,(anonymous_13)
FNF:6
FNH:6
FNDA:3,(anonymous_8)
FNDA:3,(anonymous_9)
FNDA:2,(anonymous_10)
FNDA:2,(anonymous_11)
FNDA:2,(anonymous_12)
FNDA:2,(anonymous_13)
DA:1,2
DA:2,2
DA:3,2
DA:6,3
DA:7,3
DA:9,3
DA:10,1
DA:15,2
DA:16,2
DA:18,2
DA:19,2
DA:23,2
DA:24,1
DA:26,1
DA:28,0
DA:33,2
DA:34,2
DA:35,2
DA:36,2
DA:37,1
DA:39,1
DA:41,0
DA:46,2
DA:47,2
DA:48,2
DA:49,2
DA:51,2
DA:52,1
DA:55,1
DA:57,0
DA:63,2
LF:31
LH:28
BRDA:9,0,0,1
BRDA:9,1,0,3
BRDA:9,1,1,2
BRDA:23,2,0,1
BRDA:36,3,0,1
BRDA:51,4,0,1
BRF:6
BRH:6
end_of_record
TN:
SF:src\controllers\user\auth.ts
FN:14,(anonymous_8)
FN:14,(anonymous_9)
FN:51,(anonymous_10)
FN:51,(anonymous_11)
FN:97,(anonymous_12)
FN:97,(anonymous_13)
FN:112,(anonymous_14)
FN:112,(anonymous_15)
FNF:8
FNH:8
FNDA:2,(anonymous_8)
FNDA:2,(anonymous_9)
FNDA:4,(anonymous_10)
FNDA:4,(anonymous_11)
FNDA:4,(anonymous_12)
FNDA:4,(anonymous_13)
FNDA:1,(anonymous_14)
FNDA:1,(anonymous_15)
DA:1,2
DA:2,2
DA:3,2
DA:4,2
DA:5,2
DA:7,2
DA:9,2
DA:10,2
DA:11,2
DA:14,2
DA:15,2
DA:17,2
DA:18,2
DA:20,2
DA:21,1
DA:27,1
DA:30,1
DA:39,1
DA:40,1
DA:43,1
DA:45,0
DA:46,0
DA:51,4
DA:52,4
DA:54,4
DA:56,4
DA:58,4
DA:59,1
DA:65,3
DA:70,3
DA:71,1
DA:76,2
DA:81,2
DA:88,2
DA:91,0
DA:92,0
DA:97,4
DA:98,4
DA:99,4
DA:100,3
DA:101,3
DA:102,1
DA:104,2
DA:107,1
DA:112,2
DA:113,1
DA:114,1
DA:119,1
DA:121,0
DA:125,2
LF:50
LH:45
BRDA:20,0,0,1
BRDA:58,1,0,1
BRDA:70,2,0,1
BRDA:70,2,1,2
BRDA:99,3,0,3
BRDA:99,3,1,1
BRF:6
BRH:6
end_of_record
TN:
SF:src\controllers\user\index.ts
FNF:0
FNH:0
DA:1,2
DA:2,2
DA:4,2
DA:6,2
DA:8,2
LF:5
LH:5
BRF:0
BRH:0
end_of_record
TN:
SF:src\models\user.ts
FNF:0
FNH:0
DA:1,2
DA:3,2
DA:48,2
DA:50,2
LF:4
LH:4
BRF:0
BRH:0
end_of_record
TN:
SF:src\utils\nationalParksHandler.ts
FN:10,(anonymous_8)
FN:37,(anonymous_10)
FN:65,(anonymous_12)
FNF:3
FNH:3
FNDA:2,(anonymous_8)
FNDA:2,(anonymous_10)
FNDA:2,(anonymous_12)
DA:1,2
DA:2,2
DA:4,2
DA:5,2
DA:6,2
DA:11,2
DA:12,2
DA:14,2
DA:15,2
DA:22,2
DA:23,1
DA:24,1
DA:27,1
DA:28,1
DA:30,0
DA:31,0
DA:39,2
DA:40,2
DA:49,2
DA:50,2
DA:52,2
DA:53,0
DA:54,0
DA:57,2
DA:58,2
DA:60,0
DA:61,0
DA:66,2
DA:68,2
DA:69,2
DA:76,2
DA:77,1
DA:78,1
DA:81,1
DA:82,1
DA:84,0
DA:85,0
DA:90,2
LF:38
LH:30
BRDA:22,0,0,1
BRDA:52,1,0,0
BRDA:76,2,0,1
BRF:3
BRH:2
end_of_record
