TN:
SF:src\app.ts
FN:10,(anonymous_1)
FN:11,(anonymous_2)
FNF:2
FNH:1
FNDA:0,(anonymous_1)
FNDA:2,(anonymous_2)
DA:1,2
DA:2,2
DA:3,2
DA:4,2
DA:5,2
DA:7,2
DA:9,2
DA:10,2
DA:11,2
DA:13,2
DA:14,2
DA:15,2
DA:20,2
DA:22,2
DA:24,2
LF:15
LH:15
BRF:0
BRH:0
end_of_record
TN:
SF:src\Handlers\nationalParksHandler.ts
FN:10,(anonymous_8)
FN:35,(anonymous_10)
FNF:2
FNH:2
FNDA:2,(anonymous_8)
FNDA:2,(anonymous_10)
DA:1,2
DA:2,2
DA:4,2
DA:5,2
DA:6,2
DA:11,2
DA:12,2
DA:14,2
DA:15,2
DA:22,2
DA:23,1
DA:24,1
DA:27,1
DA:28,1
DA:30,0
DA:31,0
DA:37,2
DA:38,2
DA:46,2
DA:47,2
DA:48,2
DA:49,2
DA:51,0
DA:52,0
DA:57,2
LF:25
LH:21
BRDA:22,0,0,1
BRF:1
BRH:1
end_of_record
TN:
SF:src\config\connection.ts
FNF:0
FNH:0
DA:1,2
DA:4,2
DA:7,2
DA:10,2
LF:4
LH:4
BRDA:4,0,0,2
BRDA:4,0,1,2
BRF:2
BRH:2
end_of_record
TN:
SF:src\controllers\index.ts
FNF:0
FNH:0
DA:1,2
DA:2,2
DA:4,2
DA:5,2
DA:7,2
DA:8,2
DA:10,2
LF:7
LH:7
BRF:0
BRH:0
end_of_record
TN:
SF:src\controllers\api\index.ts
FNF:0
FNH:0
DA:1,2
DA:2,2
DA:4,2
DA:6,2
DA:8,2
LF:5
LH:5
BRF:0
BRH:0
end_of_record
TN:
SF:src\controllers\api\nationalParks.ts
FN:5,(anonymous_8)
FN:5,(anonymous_9)
FN:32,(anonymous_10)
FN:32,(anonymous_11)
FNF:4
FNH:4
FNDA:3,(anonymous_8)
FNDA:3,(anonymous_9)
FNDA:2,(anonymous_10)
FNDA:2,(anonymous_11)
DA:1,2
DA:2,2
DA:3,2
DA:5,3
DA:6,3
DA:8,3
DA:9,1
DA:14,2
DA:15,2
DA:17,2
DA:18,2
DA:22,2
DA:23,1
DA:25,1
DA:27,0
DA:32,2
DA:33,2
DA:34,2
DA:35,2
DA:36,1
DA:38,1
DA:40,0
DA:44,2
LF:23
LH:21
BRDA:8,0,0,1
BRDA:8,1,0,3
BRDA:8,1,1,2
BRDA:22,2,0,1
BRDA:35,3,0,1
BRF:5
BRH:5
end_of_record
TN:
SF:src\controllers\user\auth.ts
FN:14,(anonymous_8)
FN:14,(anonymous_9)
FN:51,(anonymous_10)
FN:51,(anonymous_11)
FN:97,(anonymous_12)
FN:97,(anonymous_13)
FN:112,(anonymous_14)
FN:113,(anonymous_15)
FNF:8
FNH:8
FNDA:2,(anonymous_8)
FNDA:2,(anonymous_9)
FNDA:4,(anonymous_10)
FNDA:4,(anonymous_11)
FNDA:4,(anonymous_12)
FNDA:4,(anonymous_13)
FNDA:1,(anonymous_14)
FNDA:1,(anonymous_15)
DA:1,2
DA:2,2
DA:3,2
DA:4,2
DA:5,2
DA:7,2
DA:9,2
DA:10,2
DA:11,2
DA:14,2
DA:15,2
DA:17,2
DA:18,2
DA:20,2
DA:21,1
DA:27,1
DA:30,1
DA:39,1
DA:40,1
DA:43,1
DA:45,0
DA:46,0
DA:51,4
DA:52,4
DA:54,4
DA:56,4
DA:58,4
DA:59,1
DA:65,3
DA:70,3
DA:71,1
DA:76,2
DA:81,2
DA:88,2
DA:91,0
DA:92,0
DA:97,4
DA:98,4
DA:99,4
DA:100,3
DA:101,3
DA:102,1
DA:104,2
DA:107,1
DA:112,2
DA:113,1
DA:114,1
DA:119,1
DA:120,1
DA:124,2
LF:50
LH:46
BRDA:20,0,0,1
BRDA:58,1,0,1
BRDA:70,2,0,1
BRDA:70,2,1,2
BRDA:99,3,0,3
BRDA:99,3,1,1
BRF:6
BRH:6
end_of_record
TN:
SF:src\controllers\user\index.ts
FNF:0
FNH:0
DA:1,2
DA:2,2
DA:4,2
DA:6,2
DA:8,2
LF:5
LH:5
BRF:0
BRH:0
end_of_record
TN:
SF:src\models\user.ts
FNF:0
FNH:0
DA:1,2
DA:3,2
DA:48,2
DA:50,2
LF:4
LH:4
BRF:0
BRH:0
end_of_record
